importing...
transformers version:  4.40.0
bitsandybtes version:  0.42.0
importing...
transformers version:  4.40.0
bitsandybtes version:  0.42.0
importing...
transformers version:  4.40.0
bitsandybtes version:  0.42.0
importing...
transformers version:  4.40.0
bitsandybtes version:  0.42.0
importing...
transformers version:  4.40.0
bitsandybtes version:  0.42.0
importing...
transformers version:  4.40.0
bitsandybtes version:  0.42.0
importing...
transformers version:  4.40.0
bitsandybtes version:  0.42.0
model loaded
model loaded
It took 44.1 seconds to generate 728 tokens.
It took 17.4 seconds to generate 591 tokens.
It took 17.3 seconds to generate 648 tokens.
It took 17.4 seconds to generate 728 tokens.
It took 17.4 seconds to generate 624 tokens.
It took 17.4 seconds to generate 728 tokens.
It took 17.3 seconds to generate 628 tokens.
It took 17.4 seconds to generate 585 tokens.
It took 17.4 seconds to generate 622 tokens.
It took 17.5 seconds to generate 728 tokens.
It took 17.4 seconds to generate 579 tokens.
It took 17.5 seconds to generate 616 tokens.
It took 17.5 seconds to generate 728 tokens.
It took 17.4 seconds to generate 647 tokens.
It took 9.9 seconds to generate 408 tokens.
It took 17.4 seconds to generate 610 tokens.
It took 12.2 seconds to generate 587 tokens.
It took 17.4 seconds to generate 728 tokens.
It took 17.5 seconds to generate 685 tokens.
It took 17.4 seconds to generate 727 tokens.
It took 17.4 seconds to generate 617 tokens.
It took 17.4 seconds to generate 728 tokens.
It took 17.5 seconds to generate 728 tokens.
It took 17.4 seconds to generate 699 tokens.
It took 17.3 seconds to generate 657 tokens.
It took 17.4 seconds to generate 728 tokens.
It took 16.0 seconds to generate 693 tokens.
It took 17.3 seconds to generate 728 tokens.
It took 17.6 seconds to generate 642 tokens.
It took 17.2 seconds to generate 576 tokens.
It took 17.4 seconds to generate 728 tokens.
It took 17.6 seconds to generate 570 tokens.
It took 17.5 seconds to generate 728 tokens.
It took 0.2 seconds to generate 295 tokens.
It took 17.4 seconds to generate 642 tokens.
It took 17.8 seconds to generate 728 tokens.
It took 20.8 seconds to generate 511 tokens.
It took 17.6 seconds to generate 728 tokens.
It took 17.4 seconds to generate 633 tokens.
It took 17.4 seconds to generate 728 tokens.
It took 17.4 seconds to generate 718 tokens.
It took 17.4 seconds to generate 728 tokens.
It took 17.5 seconds to generate 728 tokens.
It took 17.5 seconds to generate 728 tokens.
It took 17.5 seconds to generate 728 tokens.
It took 17.7 seconds to generate 728 tokens.
It took 17.7 seconds to generate 593 tokens.
It took 11.4 seconds to generate 437 tokens.
It took 17.5 seconds to generate 728 tokens.
It took 17.6 seconds to generate 680 tokens.
model loaded
It took 34.0 seconds to generate 389 tokens.
It took 87.4 seconds to generate 797 tokens.
It took 87.0 seconds to generate 847 tokens.
It took 87.0 seconds to generate 1000 tokens.
It took 86.1 seconds to generate 835 tokens.
It took 10.1 seconds to generate 467 tokens.
It took 33.1 seconds to generate 438 tokens.
It took 86.4 seconds to generate 771 tokens.
It took 11.6 seconds to generate 289 tokens.
It took 87.0 seconds to generate 1000 tokens.
It took 88.8 seconds to generate 780 tokens.
It took 32.9 seconds to generate 453 tokens.
It took 86.9 seconds to generate 1000 tokens.
It took 22.4 seconds to generate 408 tokens.
It took 86.5 seconds to generate 818 tokens.
It took 86.8 seconds to generate 796 tokens.
It took 86.9 seconds to generate 941 tokens.
It took 86.7 seconds to generate 982 tokens.
It took 87.0 seconds to generate 879 tokens.
It took 87.1 seconds to generate 923 tokens.
It took 87.0 seconds to generate 810 tokens.
It took 86.8 seconds to generate 1000 tokens.
It took 87.2 seconds to generate 994 tokens.
It took 18.1 seconds to generate 441 tokens.
It took 87.4 seconds to generate 872 tokens.
It took 0.8 seconds to generate 354 tokens.
It took 87.0 seconds to generate 991 tokens.
It took 87.2 seconds to generate 1000 tokens.
It took 88.0 seconds to generate 855 tokens.
It took 87.4 seconds to generate 760 tokens.
It took 86.9 seconds to generate 950 tokens.
It took 86.8 seconds to generate 763 tokens.
It took 87.2 seconds to generate 946 tokens.
It took 87.4 seconds to generate 968 tokens.
It took 86.8 seconds to generate 833 tokens.
It took 87.1 seconds to generate 1000 tokens.
It took 43.9 seconds to generate 401 tokens.
It took 87.1 seconds to generate 1000 tokens.
It took 42.4 seconds to generate 536 tokens.
It took 87.2 seconds to generate 956 tokens.
It took 87.5 seconds to generate 930 tokens.
It took 87.0 seconds to generate 1000 tokens.
It took 86.7 seconds to generate 1000 tokens.
It took 86.8 seconds to generate 1000 tokens.
It took 18.7 seconds to generate 524 tokens.
It took 87.2 seconds to generate 1000 tokens.
It took 86.9 seconds to generate 784 tokens.
It took 86.8 seconds to generate 787 tokens.
It took 87.4 seconds to generate 1000 tokens.
It took 87.3 seconds to generate 889 tokens.
