importing...
transformers version:  4.40.0
bitsandybtes version:  0.42.0
importing...
transformers version:  4.40.0
bitsandybtes version:  0.42.0
importing...
transformers version:  4.40.0
bitsandybtes version:  0.42.0
importing...
transformers version:  4.40.0
bitsandybtes version:  0.42.0
importing...
transformers version:  4.40.0
bitsandybtes version:  0.42.0
importing...
transformers version:  4.40.0
bitsandybtes version:  0.42.0
importing...
transformers version:  4.40.0
bitsandybtes version:  0.42.0
model loaded
model loaded
It took 143.7 seconds to generate 987 tokens.
It took 113.5 seconds to generate 789 tokens.
It took 116.5 seconds to generate 846 tokens.
It took 120.3 seconds to generate 1058 tokens.
It took 61.7 seconds to generate 534 tokens.
It took 119.4 seconds to generate 1058 tokens.
It took 116.5 seconds to generate 823 tokens.
It took 119.9 seconds to generate 783 tokens.
It took 65.3 seconds to generate 539 tokens.
It took 119.1 seconds to generate 1058 tokens.
It took 13.1 seconds to generate 215 tokens.
It took 53.5 seconds to generate 477 tokens.
It took 119.3 seconds to generate 968 tokens.
It took 119.0 seconds to generate 845 tokens.
It took 114.0 seconds to generate 796 tokens.
It took 117.1 seconds to generate 808 tokens.
It took 41.1 seconds to generate 500 tokens.
It took 71.0 seconds to generate 693 tokens.
It took 116.9 seconds to generate 883 tokens.
It took 117.2 seconds to generate 925 tokens.
It took 69.3 seconds to generate 554 tokens.
It took 120.8 seconds to generate 1058 tokens.
It took 119.1 seconds to generate 992 tokens.
It took 116.8 seconds to generate 897 tokens.
It took 115.8 seconds to generate 855 tokens.
It took 119.4 seconds to generate 946 tokens.
It took 117.5 seconds to generate 946 tokens.
It took 118.4 seconds to generate 1058 tokens.
It took 60.5 seconds to generate 537 tokens.
It took 83.9 seconds to generate 587 tokens.
It took 118.6 seconds to generate 938 tokens.
It took 118.5 seconds to generate 768 tokens.
It took 107.8 seconds to generate 894 tokens.
It took 115.9 seconds to generate 939 tokens.
It took 112.4 seconds to generate 812 tokens.
It took 117.1 seconds to generate 982 tokens.
It took 121.3 seconds to generate 709 tokens.
It took 124.9 seconds to generate 966 tokens.
It took 120.1 seconds to generate 831 tokens.
It took 119.3 seconds to generate 944 tokens.
It took 119.1 seconds to generate 916 tokens.
It took 118.4 seconds to generate 1058 tokens.
It took 120.1 seconds to generate 1029 tokens.
It took 119.8 seconds to generate 1058 tokens.
It took 119.9 seconds to generate 978 tokens.
It took 118.4 seconds to generate 1058 tokens.
It took 117.7 seconds to generate 791 tokens.
It took 50.9 seconds to generate 419 tokens.
It took 115.2 seconds to generate 1058 tokens.
It took 92.3 seconds to generate 748 tokens.
